<?xml version="1.0" encoding="UTF-8"?>
<!-- Generated by org.testng.reporters.JUnitReportReporter -->
<testsuite hostname="DESKTOP-JU95D0K" failures="0" tests="2" name="tests.Demo" time="10.944" errors="0" timestamp="2025-01-26T09:59:07 IST" skipped="0">
  <testcase classname="tests.Demo" name="getUrl" time="4.334"/>
  <system-out/>
  <testcase classname="tests.Demo" name="getTitle" time="6.610"/>
  <system-out/>
</testsuite> <!-- tests.Demo -->
