<?xml version="1.0" encoding="UTF-8"?>
<!-- Generated by org.testng.reporters.JUnitReportReporter -->
<testsuite hostname="DESKTOP-JU95D0K" failures="0" tests="1" name="tests.CreateOffer" time="19.481" errors="0" timestamp="2025-02-09T20:09:14 IST" skipped="0">
  <testcase classname="tests.CreateOffer" name="createOffer" time="19.481"/>
  <system-out/>
</testsuite> <!-- tests.CreateOffer -->
