<?xml version="1.0" encoding="UTF-8"?>
<!-- Generated by org.testng.reporters.JUnitReportReporter -->
<testsuite hostname="DESKTOP-JU95D0K" failures="0" tests="1" name="tests.HelloWorld" time="0.030" errors="0" timestamp="2025-01-27T12:47:28 IST" skipped="0">
  <testcase classname="tests.HelloWorld" name="helloWorld" time="0.030"/>
  <system-out/>
</testsuite> <!-- tests.HelloWorld -->
