<?xml version="1.0" encoding="UTF-8"?>
<!-- Generated by org.testng.reporters.JUnitReportReporter -->
<testsuite hostname="DESKTOP-JU95D0K" failures="0" tests="1" name="testCompnents.BaseTest" time="7.955" errors="0" timestamp="2025-02-09T17:49:10 IST" skipped="0">
  <testcase classname="testCompnents.BaseTest" name="launchApp" time="7.955"/>
  <system-out/>
</testsuite> <!-- testCompnents.BaseTest -->
